Determining if the pthread_create exist failed with the following output:
Change Dir: /home/popenyuk/Projects/Second_year/Second_semester/LA/curs_work/cmake-build-debug/CMakeFiles/CMakeTmp

Run Build Command:"/usr/bin/make" "cmTC_c124a/fast"
/usr/bin/make -f CMakeFiles/cmTC_c124a.dir/build.make CMakeFiles/cmTC_c124a.dir/build
make[1]: Entering directory '/home/popenyuk/Projects/Second_year/Second_semester/LA/curs_work/cmake-build-debug/CMakeFiles/CMakeTmp'
Building C object CMakeFiles/cmTC_c124a.dir/CheckSymbolExists.c.o
/usr/bin/cc    -o CMakeFiles/cmTC_c124a.dir/CheckSymbolExists.c.o   -c /home/popenyuk/Projects/Second_year/Second_semester/LA/curs_work/cmake-build-debug/CMakeFiles/CMakeTmp/CheckSymbolExists.c
Linking C executable cmTC_c124a
/snap/clion/67/bin/cmake/linux/bin/cmake -E cmake_link_script CMakeFiles/cmTC_c124a.dir/link.txt --verbose=1
/usr/bin/cc      CMakeFiles/cmTC_c124a.dir/CheckSymbolExists.c.o  -o cmTC_c124a 
/usr/bin/ld: CMakeFiles/cmTC_c124a.dir/CheckSymbolExists.c.o: in function `main':
CheckSymbolExists.c:(.text+0x1b): undefined reference to `pthread_create'
collect2: error: ld returned 1 exit status
make[1]: *** [CMakeFiles/cmTC_c124a.dir/build.make:87: cmTC_c124a] Error 1
make[1]: Leaving directory '/home/popenyuk/Projects/Second_year/Second_semester/LA/curs_work/cmake-build-debug/CMakeFiles/CMakeTmp'
make: *** [Makefile:121: cmTC_c124a/fast] Error 2

File /home/popenyuk/Projects/Second_year/Second_semester/LA/curs_work/cmake-build-debug/CMakeFiles/CMakeTmp/CheckSymbolExists.c:
/* */
#include <pthread.h>

int main(int argc, char** argv)
{
  (void)argv;
#ifndef pthread_create
  return ((int*)(&pthread_create))[argc];
#else
  (void)argc;
  return 0;
#endif
}

Determining if the function pthread_create exists in the pthreads failed with the following output:
Change Dir: /home/popenyuk/Projects/Second_year/Second_semester/LA/curs_work/cmake-build-debug/CMakeFiles/CMakeTmp

Run Build Command:"/usr/bin/make" "cmTC_56377/fast"
/usr/bin/make -f CMakeFiles/cmTC_56377.dir/build.make CMakeFiles/cmTC_56377.dir/build
make[1]: Entering directory '/home/popenyuk/Projects/Second_year/Second_semester/LA/curs_work/cmake-build-debug/CMakeFiles/CMakeTmp'
Building C object CMakeFiles/cmTC_56377.dir/CheckFunctionExists.c.o
/usr/bin/cc   -DCHECK_FUNCTION_EXISTS=pthread_create   -o CMakeFiles/cmTC_56377.dir/CheckFunctionExists.c.o   -c /snap/clion/67/bin/cmake/linux/share/cmake-3.13/Modules/CheckFunctionExists.c
Linking C executable cmTC_56377
/snap/clion/67/bin/cmake/linux/bin/cmake -E cmake_link_script CMakeFiles/cmTC_56377.dir/link.txt --verbose=1
/usr/bin/cc  -DCHECK_FUNCTION_EXISTS=pthread_create    CMakeFiles/cmTC_56377.dir/CheckFunctionExists.c.o  -o cmTC_56377 -lpthreads 
/usr/bin/ld: cannot find -lpthreads
collect2: error: ld returned 1 exit status
make[1]: *** [CMakeFiles/cmTC_56377.dir/build.make:87: cmTC_56377] Error 1
make[1]: Leaving directory '/home/popenyuk/Projects/Second_year/Second_semester/LA/curs_work/cmake-build-debug/CMakeFiles/CMakeTmp'
make: *** [Makefile:121: cmTC_56377/fast] Error 2


