Determining if the pthread_create exist failed with the following output:
Change Dir: /mnt/d/Projects/Second_year/Second_semester/LA/curs_work/SVD_v1/cmake-build-debug/CMakeFiles/CMakeTmp

Run Build Command:"/usr/bin/make" "cmTC_585fd/fast"
/usr/bin/make -f CMakeFiles/cmTC_585fd.dir/build.make CMakeFiles/cmTC_585fd.dir/build
make[1]: Entering directory '/mnt/d/Projects/Second_year/Second_semester/LA/curs_work/SVD_v1/cmake-build-debug/CMakeFiles/CMakeTmp'
Building C object CMakeFiles/cmTC_585fd.dir/CheckSymbolExists.c.o
/usr/bin/cc    -o CMakeFiles/cmTC_585fd.dir/CheckSymbolExists.c.o   -c /mnt/d/Projects/Second_year/Second_semester/LA/curs_work/SVD_v1/cmake-build-debug/CMakeFiles/CMakeTmp/CheckSymbolExists.c
Linking C executable cmTC_585fd
/usr/bin/cmake -E cmake_link_script CMakeFiles/cmTC_585fd.dir/link.txt --verbose=1
/usr/bin/cc      CMakeFiles/cmTC_585fd.dir/CheckSymbolExists.c.o  -o cmTC_585fd 
CMakeFiles/cmTC_585fd.dir/CheckSymbolExists.c.o: In function `main':
CheckSymbolExists.c:(.text+0x1b): undefined reference to `pthread_create'
collect2: error: ld returned 1 exit status
CMakeFiles/cmTC_585fd.dir/build.make:97: recipe for target 'cmTC_585fd' failed
make[1]: *** [cmTC_585fd] Error 1
make[1]: Leaving directory '/mnt/d/Projects/Second_year/Second_semester/LA/curs_work/SVD_v1/cmake-build-debug/CMakeFiles/CMakeTmp'
Makefile:126: recipe for target 'cmTC_585fd/fast' failed
make: *** [cmTC_585fd/fast] Error 2

File /mnt/d/Projects/Second_year/Second_semester/LA/curs_work/SVD_v1/cmake-build-debug/CMakeFiles/CMakeTmp/CheckSymbolExists.c:
/* */
#include <pthread.h>

int main(int argc, char** argv)
{
  (void)argv;
#ifndef pthread_create
  return ((int*)(&pthread_create))[argc];
#else
  (void)argc;
  return 0;
#endif
}

Determining if the function pthread_create exists in the pthreads failed with the following output:
Change Dir: /mnt/d/Projects/Second_year/Second_semester/LA/curs_work/SVD_v1/cmake-build-debug/CMakeFiles/CMakeTmp

Run Build Command:"/usr/bin/make" "cmTC_3e795/fast"
/usr/bin/make -f CMakeFiles/cmTC_3e795.dir/build.make CMakeFiles/cmTC_3e795.dir/build
make[1]: Entering directory '/mnt/d/Projects/Second_year/Second_semester/LA/curs_work/SVD_v1/cmake-build-debug/CMakeFiles/CMakeTmp'
Building C object CMakeFiles/cmTC_3e795.dir/CheckFunctionExists.c.o
/usr/bin/cc   -DCHECK_FUNCTION_EXISTS=pthread_create   -o CMakeFiles/cmTC_3e795.dir/CheckFunctionExists.c.o   -c /usr/share/cmake-3.10/Modules/CheckFunctionExists.c
Linking C executable cmTC_3e795
/usr/bin/cmake -E cmake_link_script CMakeFiles/cmTC_3e795.dir/link.txt --verbose=1
/usr/bin/cc  -DCHECK_FUNCTION_EXISTS=pthread_create    CMakeFiles/cmTC_3e795.dir/CheckFunctionExists.c.o  -o cmTC_3e795 -lpthreads 
/usr/bin/ld: cannot find -lpthreads
collect2: error: ld returned 1 exit status
CMakeFiles/cmTC_3e795.dir/build.make:97: recipe for target 'cmTC_3e795' failed
make[1]: *** [cmTC_3e795] Error 1
make[1]: Leaving directory '/mnt/d/Projects/Second_year/Second_semester/LA/curs_work/SVD_v1/cmake-build-debug/CMakeFiles/CMakeTmp'
Makefile:126: recipe for target 'cmTC_3e795/fast' failed
make: *** [cmTC_3e795/fast] Error 2


