Determining if the pthread_create exist failed with the following output:
Change Dir: /mnt/d/Projects/Second_year/Second_semester/LA/curs_work/cmake-build-release/CMakeFiles/CMakeTmp

Run Build Command:"/usr/bin/make" "cmTC_acb2a/fast"
/usr/bin/make -f CMakeFiles/cmTC_acb2a.dir/build.make CMakeFiles/cmTC_acb2a.dir/build
make[1]: Entering directory '/mnt/d/Projects/Second_year/Second_semester/LA/curs_work/cmake-build-release/CMakeFiles/CMakeTmp'
Building C object CMakeFiles/cmTC_acb2a.dir/CheckSymbolExists.c.o
/usr/bin/cc    -o CMakeFiles/cmTC_acb2a.dir/CheckSymbolExists.c.o   -c /mnt/d/Projects/Second_year/Second_semester/LA/curs_work/cmake-build-release/CMakeFiles/CMakeTmp/CheckSymbolExists.c
Linking C executable cmTC_acb2a
/usr/bin/cmake -E cmake_link_script CMakeFiles/cmTC_acb2a.dir/link.txt --verbose=1
/usr/bin/cc      CMakeFiles/cmTC_acb2a.dir/CheckSymbolExists.c.o  -o cmTC_acb2a 
CMakeFiles/cmTC_acb2a.dir/CheckSymbolExists.c.o: In function `main':
CheckSymbolExists.c:(.text+0x1b): undefined reference to `pthread_create'
collect2: error: ld returned 1 exit status
CMakeFiles/cmTC_acb2a.dir/build.make:97: recipe for target 'cmTC_acb2a' failed
make[1]: *** [cmTC_acb2a] Error 1
make[1]: Leaving directory '/mnt/d/Projects/Second_year/Second_semester/LA/curs_work/cmake-build-release/CMakeFiles/CMakeTmp'
Makefile:126: recipe for target 'cmTC_acb2a/fast' failed
make: *** [cmTC_acb2a/fast] Error 2

File /mnt/d/Projects/Second_year/Second_semester/LA/curs_work/cmake-build-release/CMakeFiles/CMakeTmp/CheckSymbolExists.c:
/* */
#include <pthread.h>

int main(int argc, char** argv)
{
  (void)argv;
#ifndef pthread_create
  return ((int*)(&pthread_create))[argc];
#else
  (void)argc;
  return 0;
#endif
}

Determining if the function pthread_create exists in the pthreads failed with the following output:
Change Dir: /mnt/d/Projects/Second_year/Second_semester/LA/curs_work/cmake-build-release/CMakeFiles/CMakeTmp

Run Build Command:"/usr/bin/make" "cmTC_e372c/fast"
/usr/bin/make -f CMakeFiles/cmTC_e372c.dir/build.make CMakeFiles/cmTC_e372c.dir/build
make[1]: Entering directory '/mnt/d/Projects/Second_year/Second_semester/LA/curs_work/cmake-build-release/CMakeFiles/CMakeTmp'
Building C object CMakeFiles/cmTC_e372c.dir/CheckFunctionExists.c.o
/usr/bin/cc   -DCHECK_FUNCTION_EXISTS=pthread_create   -o CMakeFiles/cmTC_e372c.dir/CheckFunctionExists.c.o   -c /usr/share/cmake-3.10/Modules/CheckFunctionExists.c
Linking C executable cmTC_e372c
/usr/bin/cmake -E cmake_link_script CMakeFiles/cmTC_e372c.dir/link.txt --verbose=1
/usr/bin/cc  -DCHECK_FUNCTION_EXISTS=pthread_create    CMakeFiles/cmTC_e372c.dir/CheckFunctionExists.c.o  -o cmTC_e372c -lpthreads 
/usr/bin/ld: cannot find -lpthreads
collect2: error: ld returned 1 exit status
CMakeFiles/cmTC_e372c.dir/build.make:97: recipe for target 'cmTC_e372c' failed
make[1]: *** [cmTC_e372c] Error 1
make[1]: Leaving directory '/mnt/d/Projects/Second_year/Second_semester/LA/curs_work/cmake-build-release/CMakeFiles/CMakeTmp'
Makefile:126: recipe for target 'cmTC_e372c/fast' failed
make: *** [cmTC_e372c/fast] Error 2


